[2025-11-28 19:42:31] missing view: C:\xampp\htdocs\phpDAW/views/confirmar-dar-baja.php
[2025-11-28 19:43:43] missing view: C:\xampp\htdocs\phpDAW/views/confirmar-dar-baja.php
[2025-11-28 19:47:51] missing view: C:\xampp\htdocs\phpDAW/views/confirmar-dar-baja.php
[2025-11-28 19:47:56] missing view: C:\xampp\htdocs\phpDAW/views/confirmar-dar-baja.php
[2025-11-28 19:48:04] missing view: C:\xampp\htdocs\phpDAW/views/confirmar-dar-baja.php
[2025-11-28 19:48:14] missing view: C:\xampp\htdocs\phpDAW/views/confirmar-dar-baja.php
[2025-11-28 19:48:29] missing view: C:\xampp\htdocs\phpDAW/views/confirmar-dar-baja.php
[2025-11-28 19:48:39] missing view: C:\xampp\htdocs\phpDAW/views/confirmar-dar-baja.php
[2025-11-28 19:57:35] missing view: C:\xampp\htdocs\phpDAW/views/confirmar-dar-baja.php
[2025-11-28 19:57:38] baja: eliminado fichero C:\xampp\htdocs\phpDAW/DAW/practica/imagenes/house2_jardin.jpg
[2025-11-28 19:57:38] baja: eliminado fichero C:\xampp\htdocs\phpDAW/DAW/practica/imagenes/1764337617_5e8c9e729b75.jpg
[2025-11-28 19:57:38] baja: eliminado fichero C:\xampp\htdocs\phpDAW/DAW/practica/imagenes/house4_main.jpg
[2025-11-29 19:13:50] missing view: C:\xampp\htdocs\phpDAW/views/confirmar-dar-baja.php
[2025-11-29 19:14:00] baja: contraseña incorrecta para usuario=lucila
[2025-11-29 19:14:01] missing view: C:\xampp\htdocs\phpDAW/views/confirmar-dar-baja.php
[2025-11-29 19:16:08] missing view: C:\xampp\htdocs\phpDAW/views/confirmar-dar-baja.php
[2025-11-29 20:28:15] missing view: C:\xampp\htdocs\phpDAW/views/confirmar-dar-baja.php
[2025-11-29 20:28:34] baja: contraseña incorrecta para usuario=lucila
[2025-11-29 20:28:34] missing view: C:\xampp\htdocs\phpDAW/views/confirmar-dar-baja.php
[2025-11-29 20:28:46] baja: fichero no eliminado (práctica): 1764441349_74a23fa1e597.png
[2025-11-29 20:28:46] baja: fichero no eliminado (práctica): 1764441399_9c8dc96cb16c.png
[2025-11-29 20:28:46] baja: fichero no eliminado (práctica): 1764443496_e8e620d291ab.png
[2025-11-30 21:16:04] missing view: C:\xampp\htdocs\phpDAW/views/confirmar-dar-baja.php
[2025-11-30 21:35:03] missing view: C:\xampp\htdocs\phpDAW/views/confirmar-dar-baja.php
[2025-11-30 21:40:22] missing view: C:\xampp\htdocs\phpDAW/views/confirmar-dar-baja.php
[2025-11-30 21:42:36] missing view: C:\xampp\htdocs\phpDAW/views/confirmar-dar-baja.php
[2025-11-30 21:42:43] baja: fichero no eliminado (práctica): 1764535269_5ec63ed9e910.png
[2025-12-01 10:27:39] missing view: C:\xampp\htdocs\phpDAW/views/confirmar-dar-baja.php
[2025-12-01 10:27:52] missing view: C:\xampp\htdocs\phpDAW/views/confirmar-dar-baja.php
[2025-12-01 10:27:58] baja: contraseña incorrecta para usuario=papa
[2025-12-01 10:27:58] missing view: C:\xampp\htdocs\phpDAW/views/confirmar-dar-baja.php
[2025-12-01 11:05:16] missing view: C:\xampp\htdocs\phpDAW/views/confirmar-dar-baja.php
[2025-12-01 11:05:59] baja: fichero no eliminado (práctica): house1_salon.jpg
[2025-12-01 08:56:25] missing view: C:\xampp\htdocs\phpDAW/views/confirmar-dar-baja.php
[2025-12-01 08:56:33] baja: fichero no eliminado (práctica): house1_salon.jpg
[2025-12-01 08:56:33] baja: fichero no eliminado (práctica): house1_facade.jpg
[2025-12-15 12:23:02] missing view: C:\xampp\htdocs\phpDAW/views/confirmar-dar-baja.php
[2025-12-15 12:23:25] baja: foto de usuario eliminada: 1765556791_5c7b9f7970edf879.png
[2025-12-15 12:23:25] baja: fichero eliminado: 1765794763_1766d0451102.png
